<?xml version="1.0" encoding="UTF-8"?>
<testsuite name="TestMath" tests="1" skipped="0" failures="0" errors="0" timestamp="2022-01-29T00:32:54" hostname="floatingfortress" time="0.021">
  <properties/>
  <testcase name="test_square()" classname="TestMath" time="0.021"/>
  <system-out><![CDATA[]]></system-out>
  <system-err><![CDATA[]]></system-err>
</testsuite>
